Determining if the pthread_create exist failed with the following output:
Change Dir: /home/lyte/Documents/Projets/re216/src/CMakeFiles/CMakeTmp

Run Build Command:/usr/bin/make "cmTryCompileExec4243958899/fast"
/usr/bin/make -f CMakeFiles/cmTryCompileExec4243958899.dir/build.make CMakeFiles/cmTryCompileExec4243958899.dir/build
make[1]: entrant dans le répertoire « /home/lyte/Documents/Projets/re216/src/CMakeFiles/CMakeTmp »
/usr/bin/cmake -E cmake_progress_report /home/lyte/Documents/Projets/re216/src/CMakeFiles/CMakeTmp/CMakeFiles 1
Building C object CMakeFiles/cmTryCompileExec4243958899.dir/CheckSymbolExists.c.o
/usr/bin/gcc    -o CMakeFiles/cmTryCompileExec4243958899.dir/CheckSymbolExists.c.o   -c /home/lyte/Documents/Projets/re216/src/CMakeFiles/CMakeTmp/CheckSymbolExists.c
Linking C executable cmTryCompileExec4243958899
/usr/bin/cmake -E cmake_link_script CMakeFiles/cmTryCompileExec4243958899.dir/link.txt --verbose=1
/usr/bin/gcc         CMakeFiles/cmTryCompileExec4243958899.dir/CheckSymbolExists.c.o  -o cmTryCompileExec4243958899 -rdynamic 
CMakeFiles/cmTryCompileExec4243958899.dir/CheckSymbolExists.c.o: In function `main':
CheckSymbolExists.c:(.text+0x16): undefined reference to `pthread_create'
collect2: error: ld returned 1 exit status
make[1]: quittant le répertoire « /home/lyte/Documents/Projets/re216/src/CMakeFiles/CMakeTmp »
make[1]: *** [cmTryCompileExec4243958899] Erreur 1
make: *** [cmTryCompileExec4243958899/fast] Erreur 2

File /home/lyte/Documents/Projets/re216/src/CMakeFiles/CMakeTmp/CheckSymbolExists.c:
/* */
#include <pthread.h>

int main(int argc, char** argv)
{
  (void)argv;
#ifndef pthread_create
  return ((int*)(&pthread_create))[argc];
#else
  (void)argc;
  return 0;
#endif
}

Determining if the function pthread_create exists in the pthreads failed with the following output:
Change Dir: /home/lyte/Documents/Projets/re216/src/CMakeFiles/CMakeTmp

Run Build Command:/usr/bin/make "cmTryCompileExec3911181134/fast"
/usr/bin/make -f CMakeFiles/cmTryCompileExec3911181134.dir/build.make CMakeFiles/cmTryCompileExec3911181134.dir/build
make[1]: entrant dans le répertoire « /home/lyte/Documents/Projets/re216/src/CMakeFiles/CMakeTmp »
/usr/bin/cmake -E cmake_progress_report /home/lyte/Documents/Projets/re216/src/CMakeFiles/CMakeTmp/CMakeFiles 1
Building C object CMakeFiles/cmTryCompileExec3911181134.dir/CheckFunctionExists.c.o
/usr/bin/gcc   -DCHECK_FUNCTION_EXISTS=pthread_create   -o CMakeFiles/cmTryCompileExec3911181134.dir/CheckFunctionExists.c.o   -c /usr/share/cmake-2.8/Modules/CheckFunctionExists.c
Linking C executable cmTryCompileExec3911181134
/usr/bin/cmake -E cmake_link_script CMakeFiles/cmTryCompileExec3911181134.dir/link.txt --verbose=1
/usr/bin/gcc     -DCHECK_FUNCTION_EXISTS=pthread_create    CMakeFiles/cmTryCompileExec3911181134.dir/CheckFunctionExists.c.o  -o cmTryCompileExec3911181134 -rdynamic -lpthreads 
/usr/bin/ld: cannot find -lpthreads
collect2: error: ld returned 1 exit status
make[1]: quittant le répertoire « /home/lyte/Documents/Projets/re216/src/CMakeFiles/CMakeTmp »
make[1]: *** [cmTryCompileExec3911181134] Erreur 1
make: *** [cmTryCompileExec3911181134/fast] Erreur 2


